e:\programs\c++\cpp-compiler\c++compiler\c++compiler\x64\debug\vc143.pdb
e:\programs\c++\cpp-compiler\c++compiler\c++compiler\x64\debug\vc143.idb
e:\programs\c++\cpp-compiler\c++compiler\c++compiler\x64\debug\syn.obj
e:\programs\c++\cpp-compiler\c++compiler\c++compiler\x64\debug\lexicalanalyzergenerator.obj
e:\programs\c++\cpp-compiler\c++compiler\c++compiler\x64\debug\initialize.obj
e:\programs\c++\cpp-compiler\c++compiler\c++compiler\x64\debug\c++compiler.obj
e:\programs\c++\cpp-compiler\c++compiler\x64\debug\c++compiler.exe
e:\programs\c++\cpp-compiler\c++compiler\x64\debug\c++compiler.pdb
e:\programs\c++\cpp-compiler\c++compiler\c++compiler\x64\debug\c++compiler.res
e:\programs\c++\cpp-compiler\c++compiler\c++compiler\x64\debug\c++compiler.tlog\cl.command.1.tlog
e:\programs\c++\cpp-compiler\c++compiler\c++compiler\x64\debug\c++compiler.tlog\cl.items.tlog
e:\programs\c++\cpp-compiler\c++compiler\c++compiler\x64\debug\c++compiler.tlog\cl.read.1.tlog
e:\programs\c++\cpp-compiler\c++compiler\c++compiler\x64\debug\c++compiler.tlog\cl.write.1.tlog
e:\programs\c++\cpp-compiler\c++compiler\c++compiler\x64\debug\c++compiler.tlog\link.command.1.tlog
e:\programs\c++\cpp-compiler\c++compiler\c++compiler\x64\debug\c++compiler.tlog\link.read.1.tlog
e:\programs\c++\cpp-compiler\c++compiler\c++compiler\x64\debug\c++compiler.tlog\link.secondary.1.tlog
e:\programs\c++\cpp-compiler\c++compiler\c++compiler\x64\debug\c++compiler.tlog\link.write.1.tlog
e:\programs\c++\cpp-compiler\c++compiler\c++compiler\x64\debug\c++compiler.tlog\rc.command.1.tlog
e:\programs\c++\cpp-compiler\c++compiler\c++compiler\x64\debug\c++compiler.tlog\rc.read.1.tlog
e:\programs\c++\cpp-compiler\c++compiler\c++compiler\x64\debug\c++compiler.tlog\rc.write.1.tlog
